[2020-08-13 20:20:10,400] chlorophyll.autograd INFO    : starting 10000 optimization passes on NN model (16->12->1) w/ 0.01 learning rate
[2020-08-13 20:22:11,522] chlorophyll.autograd INFO    :     99 -  475768512.0 ( 475768512.0 difference)
[2020-08-13 20:22:11,887] chlorophyll.autograd INFO    :    199 -  417276704.0 ( -58491808.0 difference)
[2020-08-13 20:22:12,248] chlorophyll.autograd INFO    :    299 -  317035712.0 (-100240992.0 difference)
[2020-08-13 20:22:12,588] chlorophyll.autograd INFO    :    399 -  296680288.0 ( -20355424.0 difference)
[2020-08-13 20:22:12,960] chlorophyll.autograd INFO    :    499 -  291358432.0 (  -5321856.0 difference)
[2020-08-13 20:22:13,327] chlorophyll.autograd INFO    :    599 -  286151680.0 (  -5206752.0 difference)
[2020-08-13 20:22:13,703] chlorophyll.autograd INFO    :    699 -  280605792.0 (  -5545888.0 difference)
[2020-08-13 20:22:14,106] chlorophyll.autograd INFO    :    799 -  274602944.0 (  -6002848.0 difference)
[2020-08-13 20:22:14,502] chlorophyll.autograd INFO    :    899 -  268031184.0 (  -6571760.0 difference)
[2020-08-13 20:22:14,879] chlorophyll.autograd INFO    :    999 -  260796432.0 (  -7234752.0 difference)
[2020-08-13 20:22:15,257] chlorophyll.autograd INFO    :   1099 -  252845984.0 (  -7950448.0 difference)
[2020-08-13 20:22:15,624] chlorophyll.autograd INFO    :   1199 -  244177888.0 (  -8668096.0 difference)
[2020-08-13 20:22:15,957] chlorophyll.autograd INFO    :   1299 -  234842144.0 (  -9335744.0 difference)
[2020-08-13 20:22:16,301] chlorophyll.autograd INFO    :   1399 -  224964992.0 (  -9877152.0 difference)
[2020-08-13 20:22:16,630] chlorophyll.autograd INFO    :   1499 -  214748144.0 ( -10216848.0 difference)
[2020-08-13 20:22:16,950] chlorophyll.autograd INFO    :   1599 -  204439264.0 ( -10308880.0 difference)
[2020-08-13 20:22:17,283] chlorophyll.autograd INFO    :   1699 -  194296976.0 ( -10142288.0 difference)
[2020-08-13 20:22:17,596] chlorophyll.autograd INFO    :   1799 -  184556832.0 (  -9740144.0 difference)
[2020-08-13 20:22:17,908] chlorophyll.autograd INFO    :   1899 -  175410800.0 (  -9146032.0 difference)
[2020-08-13 20:22:18,248] chlorophyll.autograd INFO    :   1999 -  166998320.0 (  -8412480.0 difference)
[2020-08-13 20:22:18,575] chlorophyll.autograd INFO    :   2099 -  159407504.0 (  -7590816.0 difference)
[2020-08-13 20:22:18,896] chlorophyll.autograd INFO    :   2199 -  152681056.0 (  -6726448.0 difference)
[2020-08-13 20:22:19,229] chlorophyll.autograd INFO    :   2299 -  146818144.0 (  -5862912.0 difference)
[2020-08-13 20:22:19,580] chlorophyll.autograd INFO    :   2399 -  141781936.0 (  -5036208.0 difference)
[2020-08-13 20:22:19,922] chlorophyll.autograd INFO    :   2499 -  137505952.0 (  -4275984.0 difference)
[2020-08-13 20:22:20,187] chlorophyll.autograd INFO    :   2599 -  133904392.0 (  -3601560.0 difference)
[2020-08-13 20:22:20,451] chlorophyll.autograd INFO    :   2699 -  130889008.0 (  -3015384.0 difference)
[2020-08-13 20:22:20,796] chlorophyll.autograd INFO    :   2799 -  128371192.0 (  -2517816.0 difference)
[2020-08-13 20:22:21,111] chlorophyll.autograd INFO    :   2899 -  126263384.0 (  -2107808.0 difference)
[2020-08-13 20:22:21,437] chlorophyll.autograd INFO    :   2999 -  124489944.0 (  -1773440.0 difference)
[2020-08-13 20:22:21,791] chlorophyll.autograd INFO    :   3099 -  122989272.0 (  -1500672.0 difference)
[2020-08-13 20:22:22,162] chlorophyll.autograd INFO    :   3199 -  121708320.0 (  -1280952.0 difference)
[2020-08-13 20:22:22,466] chlorophyll.autograd INFO    :   3299 -  120607424.0 (  -1100896.0 difference)
[2020-08-13 20:22:22,778] chlorophyll.autograd INFO    :   3399 -  119652912.0 (   -954512.0 difference)
[2020-08-13 20:22:23,098] chlorophyll.autograd INFO    :   3499 -  118816752.0 (   -836160.0 difference)
[2020-08-13 20:22:23,399] chlorophyll.autograd INFO    :   3599 -  118077040.0 (   -739712.0 difference)
[2020-08-13 20:22:23,677] chlorophyll.autograd INFO    :   3699 -  117415520.0 (   -661520.0 difference)
[2020-08-13 20:22:23,953] chlorophyll.autograd INFO    :   3799 -  116816696.0 (   -598824.0 difference)
[2020-08-13 20:22:24,231] chlorophyll.autograd INFO    :   3899 -  116268416.0 (   -548280.0 difference)
[2020-08-13 20:22:24,518] chlorophyll.autograd INFO    :   3999 -  115761008.0 (   -507408.0 difference)
[2020-08-13 20:22:24,798] chlorophyll.autograd INFO    :   4099 -  115287128.0 (   -473880.0 difference)
[2020-08-13 20:22:25,078] chlorophyll.autograd INFO    :   4199 -  114841040.0 (   -446088.0 difference)
[2020-08-13 20:22:25,355] chlorophyll.autograd INFO    :   4299 -  114418432.0 (   -422608.0 difference)
[2020-08-13 20:22:25,660] chlorophyll.autograd INFO    :   4399 -  114016288.0 (   -402144.0 difference)
[2020-08-13 20:22:25,929] chlorophyll.autograd INFO    :   4499 -  113631728.0 (   -384560.0 difference)
[2020-08-13 20:22:26,211] chlorophyll.autograd INFO    :   4599 -  113262480.0 (   -369248.0 difference)
[2020-08-13 20:22:26,522] chlorophyll.autograd INFO    :   4699 -  112906656.0 (   -355824.0 difference)
[2020-08-13 20:22:26,813] chlorophyll.autograd INFO    :   4799 -  112562264.0 (   -344392.0 difference)
[2020-08-13 20:22:27,101] chlorophyll.autograd INFO    :   4899 -  112228048.0 (   -334216.0 difference)
[2020-08-13 20:22:27,439] chlorophyll.autograd INFO    :   4999 -  111903072.0 (   -324976.0 difference)
[2020-08-13 20:22:27,752] chlorophyll.autograd INFO    :   5099 -  111586112.0 (   -316960.0 difference)
[2020-08-13 20:22:28,044] chlorophyll.autograd INFO    :   5199 -  111276024.0 (   -310088.0 difference)
[2020-08-13 20:22:28,364] chlorophyll.autograd INFO    :   5299 -  110972056.0 (   -303968.0 difference)
[2020-08-13 20:22:28,678] chlorophyll.autograd INFO    :   5399 -  110673576.0 (   -298480.0 difference)
[2020-08-13 20:22:28,967] chlorophyll.autograd INFO    :   5499 -  110380152.0 (   -293424.0 difference)
[2020-08-13 20:22:29,269] chlorophyll.autograd INFO    :   5599 -  110091296.0 (   -288856.0 difference)
[2020-08-13 20:22:29,572] chlorophyll.autograd INFO    :   5699 -  109806712.0 (   -284584.0 difference)
[2020-08-13 20:22:29,898] chlorophyll.autograd INFO    :   5799 -  109526080.0 (   -280632.0 difference)
[2020-08-13 20:22:30,203] chlorophyll.autograd INFO    :   5899 -  109249120.0 (   -276960.0 difference)
[2020-08-13 20:22:30,495] chlorophyll.autograd INFO    :   5999 -  108975568.0 (   -273552.0 difference)
[2020-08-13 20:22:30,778] chlorophyll.autograd INFO    :   6099 -  108705200.0 (   -270368.0 difference)
[2020-08-13 20:22:31,051] chlorophyll.autograd INFO    :   6199 -  108437904.0 (   -267296.0 difference)
[2020-08-13 20:22:31,371] chlorophyll.autograd INFO    :   6299 -  108173432.0 (   -264472.0 difference)
[2020-08-13 20:22:31,634] chlorophyll.autograd INFO    :   6399 -  107911696.0 (   -261736.0 difference)
[2020-08-13 20:22:31,945] chlorophyll.autograd INFO    :   6499 -  107652656.0 (   -259040.0 difference)
[2020-08-13 20:22:32,255] chlorophyll.autograd INFO    :   6599 -  107396352.0 (   -256304.0 difference)
[2020-08-13 20:22:32,560] chlorophyll.autograd INFO    :   6699 -  107142720.0 (   -253632.0 difference)
[2020-08-13 20:22:32,830] chlorophyll.autograd INFO    :   6799 -  106891712.0 (   -251008.0 difference)
[2020-08-13 20:22:33,127] chlorophyll.autograd INFO    :   6899 -  106643296.0 (   -248416.0 difference)
[2020-08-13 20:22:33,423] chlorophyll.autograd INFO    :   6999 -  106397376.0 (   -245920.0 difference)
[2020-08-13 20:22:33,727] chlorophyll.autograd INFO    :   7099 -  106153888.0 (   -243488.0 difference)
[2020-08-13 20:22:34,017] chlorophyll.autograd INFO    :   7199 -  105912752.0 (   -241136.0 difference)
[2020-08-13 20:22:34,324] chlorophyll.autograd INFO    :   7299 -  105673984.0 (   -238768.0 difference)
[2020-08-13 20:22:34,635] chlorophyll.autograd INFO    :   7399 -  105437640.0 (   -236344.0 difference)
[2020-08-13 20:22:34,955] chlorophyll.autograd INFO    :   7499 -  105203648.0 (   -233992.0 difference)
[2020-08-13 20:22:35,264] chlorophyll.autograd INFO    :   7599 -  104971904.0 (   -231744.0 difference)
[2020-08-13 20:22:35,569] chlorophyll.autograd INFO    :   7699 -  104742432.0 (   -229472.0 difference)
[2020-08-13 20:22:35,888] chlorophyll.autograd INFO    :   7799 -  104515184.0 (   -227248.0 difference)
[2020-08-13 20:22:36,212] chlorophyll.autograd INFO    :   7899 -  104290112.0 (   -225072.0 difference)
[2020-08-13 20:22:36,520] chlorophyll.autograd INFO    :   7999 -  104067224.0 (   -222888.0 difference)
[2020-08-13 20:22:36,819] chlorophyll.autograd INFO    :   8099 -  103846496.0 (   -220728.0 difference)
[2020-08-13 20:22:37,141] chlorophyll.autograd INFO    :   8199 -  103628000.0 (   -218496.0 difference)
[2020-08-13 20:22:37,470] chlorophyll.autograd INFO    :   8299 -  103411712.0 (   -216288.0 difference)
[2020-08-13 20:22:37,796] chlorophyll.autograd INFO    :   8399 -  103197600.0 (   -214112.0 difference)
[2020-08-13 20:22:38,105] chlorophyll.autograd INFO    :   8499 -  102985584.0 (   -212016.0 difference)
[2020-08-13 20:22:38,397] chlorophyll.autograd INFO    :   8599 -  102775664.0 (   -209920.0 difference)
[2020-08-13 20:22:38,701] chlorophyll.autograd INFO    :   8699 -  102567800.0 (   -207864.0 difference)
[2020-08-13 20:22:39,005] chlorophyll.autograd INFO    :   8799 -  102362024.0 (   -205776.0 difference)
[2020-08-13 20:22:39,349] chlorophyll.autograd INFO    :   8899 -  102158216.0 (   -203808.0 difference)
[2020-08-13 20:22:39,677] chlorophyll.autograd INFO    :   8999 -  101956336.0 (   -201880.0 difference)
[2020-08-13 20:22:40,033] chlorophyll.autograd INFO    :   9099 -  101756368.0 (   -199968.0 difference)
[2020-08-13 20:22:40,380] chlorophyll.autograd INFO    :   9199 -  101558232.0 (   -198136.0 difference)
[2020-08-13 20:22:40,706] chlorophyll.autograd INFO    :   9299 -  101361920.0 (   -196312.0 difference)
[2020-08-13 20:22:41,041] chlorophyll.autograd INFO    :   9399 -  101167432.0 (   -194488.0 difference)
[2020-08-13 20:22:41,386] chlorophyll.autograd INFO    :   9499 -  100974768.0 (   -192664.0 difference)
[2020-08-13 20:22:41,718] chlorophyll.autograd INFO    :   9599 -  100783880.0 (   -190888.0 difference)
[2020-08-13 20:22:42,093] chlorophyll.autograd INFO    :   9699 -  100594744.0 (   -189136.0 difference)
[2020-08-13 20:22:42,448] chlorophyll.autograd INFO    :   9799 -  100407344.0 (   -187400.0 difference)
[2020-08-13 20:22:42,748] chlorophyll.autograd INFO    :   9899 -  100221624.0 (   -185720.0 difference)
[2020-08-13 20:22:43,076] chlorophyll.autograd INFO    :   9999 -  100037592.0 (   -184032.0 difference)
[2020-08-13 20:22:43,078] chlorophyll.autograd INFO    : optimization took 3.3e+01 seconds
[2020-08-13 20:22:43,678] chlorophyll.autograd INFO    : RMSE of validation chlorophyll vs predicted chlorophyll: 8.44
[2020-08-13 20:22:43,679] chlorophyll.autograd INFO    : standard deviation of validation chlorophyll:            9.38
[2020-08-13 20:37:05,033] chlorophyll.autograd INFO    : starting 10000 optimization passes on autograd model (16->12->1) w/ 1e-08 learning rate
[2020-08-13 20:37:06,589] chlorophyll.autograd INFO    :     99 -  475174464.0 ( 475174464.0 difference)
[2020-08-13 20:37:06,988] chlorophyll.autograd INFO    :    199 -  414012672.0 ( -61161792.0 difference)
[2020-08-13 20:37:07,399] chlorophyll.autograd INFO    :    299 -  315055712.0 ( -98956960.0 difference)
[2020-08-13 20:37:07,819] chlorophyll.autograd INFO    :    399 -  295766048.0 ( -19289664.0 difference)
[2020-08-13 20:37:08,245] chlorophyll.autograd INFO    :    499 -  290314752.0 (  -5451296.0 difference)
[2020-08-13 20:37:08,654] chlorophyll.autograd INFO    :    599 -  284940000.0 (  -5374752.0 difference)
[2020-08-13 20:37:09,045] chlorophyll.autograd INFO    :    699 -  279229760.0 (  -5710240.0 difference)
[2020-08-13 20:37:09,475] chlorophyll.autograd INFO    :    799 -  273024064.0 (  -6205696.0 difference)
[2020-08-13 20:37:09,868] chlorophyll.autograd INFO    :    899 -  266215904.0 (  -6808160.0 difference)
[2020-08-13 20:37:10,293] chlorophyll.autograd INFO    :    999 -  258717840.0 (  -7498064.0 difference)
[2020-08-13 20:37:10,672] chlorophyll.autograd INFO    :   1099 -  250481328.0 (  -8236512.0 difference)
[2020-08-13 20:37:11,080] chlorophyll.autograd INFO    :   1199 -  241517280.0 (  -8964048.0 difference)
[2020-08-13 20:37:11,458] chlorophyll.autograd INFO    :   1299 -  231912064.0 (  -9605216.0 difference)
[2020-08-13 20:37:11,853] chlorophyll.autograd INFO    :   1399 -  221828448.0 ( -10083616.0 difference)
[2020-08-13 20:37:12,272] chlorophyll.autograd INFO    :   1499 -  211491264.0 ( -10337184.0 difference)
[2020-08-13 20:37:12,669] chlorophyll.autograd INFO    :   1599 -  201158800.0 ( -10332464.0 difference)
[2020-08-13 20:37:13,079] chlorophyll.autograd INFO    :   1699 -  191087168.0 ( -10071632.0 difference)
[2020-08-13 20:37:13,465] chlorophyll.autograd INFO    :   1799 -  181501024.0 (  -9586144.0 difference)
[2020-08-13 20:37:13,877] chlorophyll.autograd INFO    :   1899 -  172576368.0 (  -8924656.0 difference)
[2020-08-13 20:37:14,287] chlorophyll.autograd INFO    :   1999 -  164434464.0 (  -8141904.0 difference)
[2020-08-13 20:37:14,684] chlorophyll.autograd INFO    :   2099 -  157143424.0 (  -7291040.0 difference)
[2020-08-13 20:37:15,113] chlorophyll.autograd INFO    :   2199 -  150721408.0 (  -6422016.0 difference)
[2020-08-13 20:37:15,515] chlorophyll.autograd INFO    :   2299 -  145142528.0 (  -5578880.0 difference)
[2020-08-13 20:37:15,924] chlorophyll.autograd INFO    :   2399 -  140346496.0 (  -4796032.0 difference)
[2020-08-13 20:37:16,322] chlorophyll.autograd INFO    :   2499 -  136261968.0 (  -4084528.0 difference)
[2020-08-13 20:37:16,728] chlorophyll.autograd INFO    :   2599 -  132816984.0 (  -3444984.0 difference)
[2020-08-13 20:37:17,124] chlorophyll.autograd INFO    :   2699 -  129935664.0 (  -2881320.0 difference)
[2020-08-13 20:37:17,520] chlorophyll.autograd INFO    :   2799 -  127534656.0 (  -2401008.0 difference)
[2020-08-13 20:37:17,916] chlorophyll.autograd INFO    :   2899 -  125524608.0 (  -2010048.0 difference)
[2020-08-13 20:37:18,339] chlorophyll.autograd INFO    :   2999 -  123830624.0 (  -1693984.0 difference)
[2020-08-13 20:37:18,737] chlorophyll.autograd INFO    :   3099 -  122393360.0 (  -1437264.0 difference)
[2020-08-13 20:37:19,147] chlorophyll.autograd INFO    :   3199 -  121164400.0 (  -1228960.0 difference)
[2020-08-13 20:37:19,536] chlorophyll.autograd INFO    :   3299 -  120103872.0 (  -1060528.0 difference)
[2020-08-13 20:37:19,949] chlorophyll.autograd INFO    :   3399 -  119178352.0 (   -925520.0 difference)
[2020-08-13 20:37:20,350] chlorophyll.autograd INFO    :   3499 -  118362168.0 (   -816184.0 difference)
[2020-08-13 20:37:20,747] chlorophyll.autograd INFO    :   3599 -  117634768.0 (   -727400.0 difference)
[2020-08-13 20:37:21,165] chlorophyll.autograd INFO    :   3699 -  116979184.0 (   -655584.0 difference)
[2020-08-13 20:37:21,527] chlorophyll.autograd INFO    :   3799 -  116382352.0 (   -596832.0 difference)
[2020-08-13 20:37:21,948] chlorophyll.autograd INFO    :   3899 -  115833120.0 (   -549232.0 difference)
[2020-08-13 20:37:22,360] chlorophyll.autograd INFO    :   3999 -  115323256.0 (   -509864.0 difference)
[2020-08-13 20:37:22,760] chlorophyll.autograd INFO    :   4099 -  114845632.0 (   -477624.0 difference)
[2020-08-13 20:37:23,153] chlorophyll.autograd INFO    :   4199 -  114394752.0 (   -450880.0 difference)
[2020-08-13 20:37:23,532] chlorophyll.autograd INFO    :   4299 -  113966480.0 (   -428272.0 difference)
[2020-08-13 20:37:23,897] chlorophyll.autograd INFO    :   4399 -  113557616.0 (   -408864.0 difference)
[2020-08-13 20:37:24,295] chlorophyll.autograd INFO    :   4499 -  113165088.0 (   -392528.0 difference)
[2020-08-13 20:37:24,701] chlorophyll.autograd INFO    :   4599 -  112786920.0 (   -378168.0 difference)
[2020-08-13 20:37:25,096] chlorophyll.autograd INFO    :   4699 -  112421472.0 (   -365448.0 difference)
[2020-08-13 20:37:25,512] chlorophyll.autograd INFO    :   4799 -  112067216.0 (   -354256.0 difference)
[2020-08-13 20:37:25,881] chlorophyll.autograd INFO    :   4899 -  111722424.0 (   -344792.0 difference)
[2020-08-13 20:37:26,256] chlorophyll.autograd INFO    :   4999 -  111385944.0 (   -336480.0 difference)
[2020-08-13 20:37:26,614] chlorophyll.autograd INFO    :   5099 -  111057456.0 (   -328488.0 difference)
[2020-08-13 20:37:27,022] chlorophyll.autograd INFO    :   5199 -  110736128.0 (   -321328.0 difference)
[2020-08-13 20:37:27,408] chlorophyll.autograd INFO    :   5299 -  110420896.0 (   -315232.0 difference)
[2020-08-13 20:37:27,827] chlorophyll.autograd INFO    :   5399 -  110110968.0 (   -309928.0 difference)
[2020-08-13 20:37:28,226] chlorophyll.autograd INFO    :   5499 -  109806128.0 (   -304840.0 difference)
[2020-08-13 20:37:28,599] chlorophyll.autograd INFO    :   5599 -  109506344.0 (   -299784.0 difference)
[2020-08-13 20:37:28,969] chlorophyll.autograd INFO    :   5699 -  109211416.0 (   -294928.0 difference)
[2020-08-13 20:37:29,285] chlorophyll.autograd INFO    :   5799 -  108921112.0 (   -290304.0 difference)
[2020-08-13 20:37:29,592] chlorophyll.autograd INFO    :   5899 -  108634984.0 (   -286128.0 difference)
[2020-08-13 20:37:29,953] chlorophyll.autograd INFO    :   5999 -  108352584.0 (   -282400.0 difference)
[2020-08-13 20:37:30,276] chlorophyll.autograd INFO    :   6099 -  108073648.0 (   -278936.0 difference)
[2020-08-13 20:37:30,595] chlorophyll.autograd INFO    :   6199 -  107798048.0 (   -275600.0 difference)
[2020-08-13 20:37:30,909] chlorophyll.autograd INFO    :   6299 -  107525816.0 (   -272232.0 difference)
[2020-08-13 20:37:31,253] chlorophyll.autograd INFO    :   6399 -  107257120.0 (   -268696.0 difference)
[2020-08-13 20:37:31,582] chlorophyll.autograd INFO    :   6499 -  106992008.0 (   -265112.0 difference)
[2020-08-13 20:37:31,887] chlorophyll.autograd INFO    :   6599 -  106730448.0 (   -261560.0 difference)
[2020-08-13 20:37:32,174] chlorophyll.autograd INFO    :   6699 -  106472512.0 (   -257936.0 difference)
[2020-08-13 20:37:32,468] chlorophyll.autograd INFO    :   6799 -  106218016.0 (   -254496.0 difference)
[2020-08-13 20:37:32,771] chlorophyll.autograd INFO    :   6899 -  105966912.0 (   -251104.0 difference)
[2020-08-13 20:37:33,094] chlorophyll.autograd INFO    :   6999 -  105719200.0 (   -247712.0 difference)
[2020-08-13 20:37:33,380] chlorophyll.autograd INFO    :   7099 -  105474736.0 (   -244464.0 difference)
[2020-08-13 20:37:33,670] chlorophyll.autograd INFO    :   7199 -  105233584.0 (   -241152.0 difference)
[2020-08-13 20:37:33,962] chlorophyll.autograd INFO    :   7299 -  104995640.0 (   -237944.0 difference)
[2020-08-13 20:37:34,252] chlorophyll.autograd INFO    :   7399 -  104760704.0 (   -234936.0 difference)
[2020-08-13 20:37:34,538] chlorophyll.autograd INFO    :   7499 -  104528624.0 (   -232080.0 difference)
[2020-08-13 20:37:34,831] chlorophyll.autograd INFO    :   7599 -  104299400.0 (   -229224.0 difference)
[2020-08-13 20:37:35,136] chlorophyll.autograd INFO    :   7699 -  104072960.0 (   -226440.0 difference)
[2020-08-13 20:37:35,443] chlorophyll.autograd INFO    :   7799 -  103849280.0 (   -223680.0 difference)
[2020-08-13 20:37:35,739] chlorophyll.autograd INFO    :   7899 -  103628288.0 (   -220992.0 difference)
[2020-08-13 20:37:36,036] chlorophyll.autograd INFO    :   7999 -  103409888.0 (   -218400.0 difference)
[2020-08-13 20:37:36,330] chlorophyll.autograd INFO    :   8099 -  103194072.0 (   -215816.0 difference)
[2020-08-13 20:37:36,650] chlorophyll.autograd INFO    :   8199 -  102980752.0 (   -213320.0 difference)
[2020-08-13 20:37:36,949] chlorophyll.autograd INFO    :   8299 -  102769880.0 (   -210872.0 difference)
[2020-08-13 20:37:37,256] chlorophyll.autograd INFO    :   8399 -  102561392.0 (   -208488.0 difference)
[2020-08-13 20:37:37,580] chlorophyll.autograd INFO    :   8499 -  102355216.0 (   -206176.0 difference)
[2020-08-13 20:37:37,889] chlorophyll.autograd INFO    :   8599 -  102151368.0 (   -203848.0 difference)
[2020-08-13 20:37:38,200] chlorophyll.autograd INFO    :   8699 -  101949872.0 (   -201496.0 difference)
[2020-08-13 20:37:38,478] chlorophyll.autograd INFO    :   8799 -  101750648.0 (   -199224.0 difference)
[2020-08-13 20:37:38,799] chlorophyll.autograd INFO    :   8899 -  101553616.0 (   -197032.0 difference)
[2020-08-13 20:37:39,119] chlorophyll.autograd INFO    :   8999 -  101358720.0 (   -194896.0 difference)
[2020-08-13 20:37:39,434] chlorophyll.autograd INFO    :   9099 -  101165856.0 (   -192864.0 difference)
[2020-08-13 20:37:39,779] chlorophyll.autograd INFO    :   9199 -  100975040.0 (   -190816.0 difference)
[2020-08-13 20:37:40,051] chlorophyll.autograd INFO    :   9299 -  100786192.0 (   -188848.0 difference)
[2020-08-13 20:37:40,390] chlorophyll.autograd INFO    :   9399 -  100599248.0 (   -186944.0 difference)
[2020-08-13 20:37:40,702] chlorophyll.autograd INFO    :   9499 -  100414192.0 (   -185056.0 difference)
[2020-08-13 20:37:41,021] chlorophyll.autograd INFO    :   9599 -  100231088.0 (   -183104.0 difference)
[2020-08-13 20:37:41,320] chlorophyll.autograd INFO    :   9699 -  100049816.0 (   -181272.0 difference)
[2020-08-13 20:37:41,625] chlorophyll.autograd INFO    :   9799 -   99870368.0 (   -179448.0 difference)
[2020-08-13 20:37:41,924] chlorophyll.autograd INFO    :   9899 -   99692720.0 (   -177648.0 difference)
[2020-08-13 20:37:42,240] chlorophyll.autograd INFO    :   9999 -   99516832.0 (   -175888.0 difference)
[2020-08-13 20:37:42,243] chlorophyll.autograd INFO    : optimization took 3.7e+01 seconds
[2020-08-13 20:37:43,387] chlorophyll.autograd INFO    : RMSE of validation chlorophyll vs predicted chlorophyll: 8.37
[2020-08-13 20:37:43,388] chlorophyll.autograd INFO    : standard deviation of validation chlorophyll:            9.38
[2020-08-14 22:11:02,123] chlorophyll.autograd INFO    : starting 10000 optimization passes on autograd model (16->12->1) w/ 1e-08 learning rate
[2020-08-14 22:11:03,480] chlorophyll.autograd INFO    :     99 -  458911456.0 ( 458911456.0 difference)
[2020-08-14 22:11:04,160] chlorophyll.autograd INFO    :    199 -  362694400.0 ( -96217056.0 difference)
[2020-08-14 22:11:04,646] chlorophyll.autograd INFO    :    299 -  302990144.0 ( -59704256.0 difference)
[2020-08-14 22:11:04,968] chlorophyll.autograd INFO    :    399 -  295140224.0 (  -7849920.0 difference)
[2020-08-14 22:11:05,465] chlorophyll.autograd INFO    :    499 -  289996928.0 (  -5143296.0 difference)
[2020-08-14 22:11:05,870] chlorophyll.autograd INFO    :    599 -  284630976.0 (  -5365952.0 difference)
[2020-08-14 22:11:06,146] chlorophyll.autograd INFO    :    699 -  278885600.0 (  -5745376.0 difference)
[2020-08-14 22:11:06,542] chlorophyll.autograd INFO    :    799 -  272647104.0 (  -6238496.0 difference)
[2020-08-14 22:11:07,098] chlorophyll.autograd INFO    :    899 -  265807328.0 (  -6839776.0 difference)
[2020-08-14 22:11:07,361] chlorophyll.autograd INFO    :    999 -  258273152.0 (  -7534176.0 difference)
[2020-08-14 22:11:07,669] chlorophyll.autograd INFO    :   1099 -  249989504.0 (  -8283648.0 difference)
[2020-08-14 22:11:08,292] chlorophyll.autograd INFO    :   1199 -  240956160.0 (  -9033344.0 difference)
[2020-08-14 22:11:08,566] chlorophyll.autograd INFO    :   1299 -  231248624.0 (  -9707536.0 difference)
[2020-08-14 22:11:08,847] chlorophyll.autograd INFO    :   1399 -  221027360.0 ( -10221264.0 difference)
[2020-08-14 22:11:09,305] chlorophyll.autograd INFO    :   1499 -  210522928.0 ( -10504432.0 difference)
[2020-08-14 22:11:09,860] chlorophyll.autograd INFO    :   1599 -  200003872.0 ( -10519056.0 difference)
[2020-08-14 22:11:10,130] chlorophyll.autograd INFO    :   1699 -  189737248.0 ( -10266624.0 difference)
[2020-08-14 22:11:10,462] chlorophyll.autograd INFO    :   1799 -  179956944.0 (  -9780304.0 difference)
[2020-08-14 22:11:11,219] chlorophyll.autograd INFO    :   1899 -  170847760.0 (  -9109184.0 difference)
[2020-08-14 22:11:11,511] chlorophyll.autograd INFO    :   1999 -  162538800.0 (  -8308960.0 difference)
[2020-08-14 22:11:11,859] chlorophyll.autograd INFO    :   2099 -  155105248.0 (  -7433552.0 difference)
[2020-08-14 22:11:12,131] chlorophyll.autograd INFO    :   2199 -  148573328.0 (  -6531920.0 difference)
[2020-08-14 22:11:12,391] chlorophyll.autograd INFO    :   2299 -  142927584.0 (  -5645744.0 difference)
[2020-08-14 22:11:12,651] chlorophyll.autograd INFO    :   2399 -  138120400.0 (  -4807184.0 difference)
[2020-08-14 22:11:12,909] chlorophyll.autograd INFO    :   2499 -  134078728.0 (  -4041672.0 difference)
[2020-08-14 22:11:13,167] chlorophyll.autograd INFO    :   2599 -  130711072.0 (  -3367656.0 difference)
[2020-08-14 22:11:13,425] chlorophyll.autograd INFO    :   2699 -  127918304.0 (  -2792768.0 difference)
[2020-08-14 22:11:13,683] chlorophyll.autograd INFO    :   2799 -  125604128.0 (  -2314176.0 difference)
[2020-08-14 22:11:13,940] chlorophyll.autograd INFO    :   2899 -  123679312.0 (  -1924816.0 difference)
[2020-08-14 22:11:14,198] chlorophyll.autograd INFO    :   2999 -  122068016.0 (  -1611296.0 difference)
[2020-08-14 22:11:14,456] chlorophyll.autograd INFO    :   3099 -  120705696.0 (  -1362320.0 difference)
[2020-08-14 22:11:14,714] chlorophyll.autograd INFO    :   3199 -  119542656.0 (  -1163040.0 difference)
[2020-08-14 22:11:14,971] chlorophyll.autograd INFO    :   3299 -  118538728.0 (  -1003928.0 difference)
[2020-08-14 22:11:15,228] chlorophyll.autograd INFO    :   3399 -  117661720.0 (   -877008.0 difference)
[2020-08-14 22:11:15,485] chlorophyll.autograd INFO    :   3499 -  116886816.0 (   -774904.0 difference)
[2020-08-14 22:11:15,751] chlorophyll.autograd INFO    :   3599 -  116193392.0 (   -693424.0 difference)
[2020-08-14 22:11:16,014] chlorophyll.autograd INFO    :   3699 -  115566144.0 (   -627248.0 difference)
[2020-08-14 22:11:16,273] chlorophyll.autograd INFO    :   3799 -  114992776.0 (   -573368.0 difference)
[2020-08-14 22:11:16,530] chlorophyll.autograd INFO    :   3899 -  114463368.0 (   -529408.0 difference)
[2020-08-14 22:11:16,789] chlorophyll.autograd INFO    :   3999 -  113970112.0 (   -493256.0 difference)
[2020-08-14 22:11:17,047] chlorophyll.autograd INFO    :   4099 -  113506904.0 (   -463208.0 difference)
[2020-08-14 22:11:17,303] chlorophyll.autograd INFO    :   4199 -  113068864.0 (   -438040.0 difference)
[2020-08-14 22:11:17,562] chlorophyll.autograd INFO    :   4299 -  112651744.0 (   -417120.0 difference)
[2020-08-14 22:11:17,820] chlorophyll.autograd INFO    :   4399 -  112252536.0 (   -399208.0 difference)
[2020-08-14 22:11:18,077] chlorophyll.autograd INFO    :   4499 -  111868864.0 (   -383672.0 difference)
[2020-08-14 22:11:18,335] chlorophyll.autograd INFO    :   4599 -  111498656.0 (   -370208.0 difference)
[2020-08-14 22:11:18,593] chlorophyll.autograd INFO    :   4699 -  111139736.0 (   -358920.0 difference)
[2020-08-14 22:11:18,850] chlorophyll.autograd INFO    :   4799 -  110790856.0 (   -348880.0 difference)
[2020-08-14 22:11:19,107] chlorophyll.autograd INFO    :   4899 -  110451360.0 (   -339496.0 difference)
[2020-08-14 22:11:19,364] chlorophyll.autograd INFO    :   4999 -  110120112.0 (   -331248.0 difference)
[2020-08-14 22:11:19,623] chlorophyll.autograd INFO    :   5099 -  109796272.0 (   -323840.0 difference)
[2020-08-14 22:11:19,880] chlorophyll.autograd INFO    :   5199 -  109478768.0 (   -317504.0 difference)
[2020-08-14 22:11:20,138] chlorophyll.autograd INFO    :   5299 -  109167008.0 (   -311760.0 difference)
[2020-08-14 22:11:20,402] chlorophyll.autograd INFO    :   5399 -  108860880.0 (   -306128.0 difference)
[2020-08-14 22:11:20,666] chlorophyll.autograd INFO    :   5499 -  108560048.0 (   -300832.0 difference)
[2020-08-14 22:11:20,923] chlorophyll.autograd INFO    :   5599 -  108264304.0 (   -295744.0 difference)
[2020-08-14 22:11:21,181] chlorophyll.autograd INFO    :   5699 -  107973040.0 (   -291264.0 difference)
[2020-08-14 22:11:21,438] chlorophyll.autograd INFO    :   5799 -  107685792.0 (   -287248.0 difference)
[2020-08-14 22:11:21,698] chlorophyll.autograd INFO    :   5899 -  107402560.0 (   -283232.0 difference)
[2020-08-14 22:11:21,955] chlorophyll.autograd INFO    :   5999 -  107123488.0 (   -279072.0 difference)
[2020-08-14 22:11:22,213] chlorophyll.autograd INFO    :   6099 -  106848544.0 (   -274944.0 difference)
[2020-08-14 22:11:22,472] chlorophyll.autograd INFO    :   6199 -  106577512.0 (   -271032.0 difference)
[2020-08-14 22:11:22,731] chlorophyll.autograd INFO    :   6299 -  106310176.0 (   -267336.0 difference)
[2020-08-14 22:11:22,988] chlorophyll.autograd INFO    :   6399 -  106046248.0 (   -263928.0 difference)
[2020-08-14 22:11:23,245] chlorophyll.autograd INFO    :   6499 -  105785472.0 (   -260776.0 difference)
[2020-08-14 22:11:23,503] chlorophyll.autograd INFO    :   6599 -  105527744.0 (   -257728.0 difference)
[2020-08-14 22:11:23,761] chlorophyll.autograd INFO    :   6699 -  105273040.0 (   -254704.0 difference)
[2020-08-14 22:11:24,018] chlorophyll.autograd INFO    :   6799 -  105021664.0 (   -251376.0 difference)
[2020-08-14 22:11:24,277] chlorophyll.autograd INFO    :   6899 -  104773696.0 (   -247968.0 difference)
[2020-08-14 22:11:24,534] chlorophyll.autograd INFO    :   6999 -  104529112.0 (   -244584.0 difference)
[2020-08-14 22:11:24,792] chlorophyll.autograd INFO    :   7099 -  104287872.0 (   -241240.0 difference)
[2020-08-14 22:11:25,049] chlorophyll.autograd INFO    :   7199 -  104049904.0 (   -237968.0 difference)
[2020-08-14 22:11:25,306] chlorophyll.autograd INFO    :   7299 -  103815048.0 (   -234856.0 difference)
[2020-08-14 22:11:25,565] chlorophyll.autograd INFO    :   7399 -  103583200.0 (   -231848.0 difference)
[2020-08-14 22:11:25,822] chlorophyll.autograd INFO    :   7499 -  103354304.0 (   -228896.0 difference)
[2020-08-14 22:11:26,079] chlorophyll.autograd INFO    :   7599 -  103128176.0 (   -226128.0 difference)
[2020-08-14 22:11:26,338] chlorophyll.autograd INFO    :   7699 -  102904696.0 (   -223480.0 difference)
[2020-08-14 22:11:26,596] chlorophyll.autograd INFO    :   7799 -  102683808.0 (   -220888.0 difference)
[2020-08-14 22:11:26,854] chlorophyll.autograd INFO    :   7899 -  102465440.0 (   -218368.0 difference)
[2020-08-14 22:11:27,111] chlorophyll.autograd INFO    :   7999 -  102249520.0 (   -215920.0 difference)
[2020-08-14 22:11:27,368] chlorophyll.autograd INFO    :   8099 -  102036000.0 (   -213520.0 difference)
[2020-08-14 22:11:27,627] chlorophyll.autograd INFO    :   8199 -  101824848.0 (   -211152.0 difference)
[2020-08-14 22:11:27,884] chlorophyll.autograd INFO    :   8299 -  101616040.0 (   -208808.0 difference)
[2020-08-14 22:11:28,140] chlorophyll.autograd INFO    :   8399 -  101409488.0 (   -206552.0 difference)
[2020-08-14 22:11:28,398] chlorophyll.autograd INFO    :   8499 -  101205128.0 (   -204360.0 difference)
[2020-08-14 22:11:28,657] chlorophyll.autograd INFO    :   8599 -  101002896.0 (   -202232.0 difference)
[2020-08-14 22:11:28,914] chlorophyll.autograd INFO    :   8699 -  100802720.0 (   -200176.0 difference)
[2020-08-14 22:11:29,172] chlorophyll.autograd INFO    :   8799 -  100604584.0 (   -198136.0 difference)
[2020-08-14 22:11:29,429] chlorophyll.autograd INFO    :   8899 -  100408528.0 (   -196056.0 difference)
[2020-08-14 22:11:29,687] chlorophyll.autograd INFO    :   8999 -  100214512.0 (   -194016.0 difference)
[2020-08-14 22:11:29,944] chlorophyll.autograd INFO    :   9099 -  100022496.0 (   -192016.0 difference)
[2020-08-14 22:11:30,203] chlorophyll.autograd INFO    :   9199 -   99832392.0 (   -190104.0 difference)
[2020-08-14 22:11:30,460] chlorophyll.autograd INFO    :   9299 -   99644096.0 (   -188296.0 difference)
[2020-08-14 22:11:30,717] chlorophyll.autograd INFO    :   9399 -   99457640.0 (   -186456.0 difference)
[2020-08-14 22:11:30,974] chlorophyll.autograd INFO    :   9499 -   99272968.0 (   -184672.0 difference)
[2020-08-14 22:11:31,247] chlorophyll.autograd INFO    :   9599 -   99090096.0 (   -182872.0 difference)
[2020-08-14 22:11:31,505] chlorophyll.autograd INFO    :   9699 -   98908976.0 (   -181120.0 difference)
[2020-08-14 22:11:31,763] chlorophyll.autograd INFO    :   9799 -   98729624.0 (   -179352.0 difference)
[2020-08-14 22:11:32,026] chlorophyll.autograd INFO    :   9899 -   98552000.0 (   -177624.0 difference)
[2020-08-14 22:11:32,284] chlorophyll.autograd INFO    :   9999 -   98376080.0 (   -175920.0 difference)
[2020-08-14 22:11:32,285] chlorophyll.autograd INFO    : optimization took 3e+01 seconds
[2020-08-14 22:11:32,562] chlorophyll.autograd INFO    : RMSE of validation chlorophyll vs predicted chlorophyll: 8.61
[2020-08-14 22:11:32,562] chlorophyll.autograd INFO    : standard deviation of validation chlorophyll:            9.38
